<?xml version="1.0" encoding="UTF-8"?>
<!-- Generated by org.testng.reporters.JUnitXMLReporter -->
<testsuite hostname="KD_JAMWAL" name="FirefoxTest" tests="2" failures="0" timestamp="7 Jul 2019 07:40:16 GMT" time="0.029" errors="0">
  <testcase name="@BeforeMethod preCondition" time="0.0" classname="com.indianmoney.test.Healthtest">
    <failure type="org.testng.TestNGException" message="
Method preCondition requires 1 parameters but 0 were supplied in the @Configuration annotation.">
      <![CDATA[org.testng.TestNGException: 
Method preCondition requires 1 parameters but 0 were supplied in the @Configuration annotation.
... Removed 24 stack frames]]>
    </failure>
  </testcase> <!-- @BeforeMethod preCondition -->
  <testcase name="@AfterMethod postConditon" time="0.0" classname="com.indianmoney.test.Healthtest">
    <skipped/>
  </testcase> <!-- @AfterMethod postConditon -->
  <testcase name="@BeforeMethod preCondition" time="0.0" classname="com.indianmoney.test.Termtest">
    <skipped/>
  </testcase> <!-- @BeforeMethod preCondition -->
  <testcase name="@AfterMethod postConditon" time="0.0" classname="com.indianmoney.test.Termtest">
    <skipped/>
  </testcase> <!-- @AfterMethod postConditon -->
  <testcase name="healthdetail" time="0.004" classname="com.indianmoney.test.Healthtest">
    <skipped/>
  </testcase> <!-- healthdetail -->
  <testcase name="termdetail" time="0.003" classname="com.indianmoney.test.Termtest">
    <skipped/>
  </testcase> <!-- termdetail -->
</testsuite> <!-- FirefoxTest -->
